<?xml version="1.0" encoding="UTF-8"?>
<!-- Generated by org.testng.reporters.JUnitXMLReporter -->
<testsuite ignored="0" hostname="DESKTOP-5A8V9MG" failures="0" tests="14" name="test cases" time="128.875" errors="0" timestamp="2024-02-06T21:28:38 CET">
  <testcase classname="pack.TestRegister" name="verifyRegisteringOnlyWithMandatoryFields" time="2.521"/>
  <testcase classname="pack.TestRegister" name="verifyRegisteringByProvidingAllFields" time="3.879"/>
  <testcase classname="pack.TestRegister" name="verifyRegisteringAccountWithExistingEmailAdress" time="1.869"/>
  <testcase classname="pack.TestRegister" name="verifyRegisteringAccountWithoutProvidingAnyDetails" time="0.95"/>
  <testcase classname="pack.TestLogin" name="verifyLoginWithValidCredentials" time="1.564"/>
  <testcase classname="pack.TestLogin" name="verifyLoginWithValidCredentials" time="1.998"/>
  <testcase classname="pack.TestLogin" name="verifyLoginWithValidCredentials" time="1.705"/>
  <testcase classname="pack.TestLogin" name="verifyLoginWithInvalidCredentials" time="1.731"/>
  <testcase classname="pack.TestLogin" name="loginWithInvalidEmailAndValidPassword" time="1.054"/>
  <testcase classname="pack.TestLogin" name="loginWithValidEmailAndInvalidPassword" time="1.473"/>
  <testcase classname="pack.TestLogin" name="loginWithNotProvidingAnyCredentials" time="0.951"/>
  <testcase classname="pack.TestSearch" name="verifySearchWithValidProduct" time="1.363"/>
  <testcase classname="pack.TestSearch" name="verifySearchWithInvaldProduct" time="0.834"/>
  <testcase classname="pack.TestSearch" name="verifySearchWithoutProvidinAnyProduct" time="0.554"/>
</testsuite> <!-- test cases -->
